c:\users\38599\desktop\faks\2.semestar\oop\oop - hep\projekt\x64\debug\vc142.pdb
c:\users\38599\desktop\faks\2.semestar\oop\oop - hep\projekt\x64\debug\vc142.idb
c:\users\38599\desktop\faks\2.semestar\oop\oop - hep\projekt\x64\debug\tinyxml2.obj
c:\users\38599\desktop\faks\2.semestar\oop\oop - hep\projekt\x64\debug\stavka.obj
c:\users\38599\desktop\faks\2.semestar\oop\oop - hep\projekt\x64\debug\racun.obj
c:\users\38599\desktop\faks\2.semestar\oop\oop - hep\projekt\x64\debug\osoba.obj
c:\users\38599\desktop\faks\2.semestar\oop\oop - hep\projekt\x64\debug\kupac.obj
c:\users\38599\desktop\faks\2.semestar\oop\oop - hep\projekt\x64\debug\artikl.obj
c:\users\38599\desktop\faks\2.semestar\oop\oop - hep\projekt\x64\debug\projekt.obj
c:\users\38599\desktop\faks\2.semestar\oop\oop - hep\projekt\x64\debug\statistika.obj
c:\users\38599\desktop\faks\2.semestar\oop\oop - hep\x64\debug\projekt.pdb
c:\users\38599\desktop\faks\2.semestar\oop\oop - hep\projekt\x64\debug\projekt.tlog\cl.command.1.tlog
c:\users\38599\desktop\faks\2.semestar\oop\oop - hep\projekt\x64\debug\projekt.tlog\cl.read.1.tlog
c:\users\38599\desktop\faks\2.semestar\oop\oop - hep\projekt\x64\debug\projekt.tlog\cl.write.1.tlog
c:\users\38599\desktop\faks\2.semestar\oop\oop - hep\projekt\x64\debug\projekt.tlog\link-cvtres.read.1.tlog
c:\users\38599\desktop\faks\2.semestar\oop\oop - hep\projekt\x64\debug\projekt.tlog\link-cvtres.write.1.tlog
c:\users\38599\desktop\faks\2.semestar\oop\oop - hep\projekt\x64\debug\projekt.tlog\link-rc.read.1.tlog
c:\users\38599\desktop\faks\2.semestar\oop\oop - hep\projekt\x64\debug\projekt.tlog\link-rc.write.1.tlog
c:\users\38599\desktop\faks\2.semestar\oop\oop - hep\projekt\x64\debug\projekt.tlog\link.12508-cvtres.read.1.tlog
c:\users\38599\desktop\faks\2.semestar\oop\oop - hep\projekt\x64\debug\projekt.tlog\link.12508-cvtres.write.1.tlog
c:\users\38599\desktop\faks\2.semestar\oop\oop - hep\projekt\x64\debug\projekt.tlog\link.12508-rc.read.1.tlog
c:\users\38599\desktop\faks\2.semestar\oop\oop - hep\projekt\x64\debug\projekt.tlog\link.12508-rc.write.1.tlog
c:\users\38599\desktop\faks\2.semestar\oop\oop - hep\projekt\x64\debug\projekt.tlog\link.12508.read.1.tlog
c:\users\38599\desktop\faks\2.semestar\oop\oop - hep\projekt\x64\debug\projekt.tlog\link.12508.write.1.tlog
c:\users\38599\desktop\faks\2.semestar\oop\oop - hep\projekt\x64\debug\projekt.tlog\link.command.1.tlog
c:\users\38599\desktop\faks\2.semestar\oop\oop - hep\projekt\x64\debug\projekt.tlog\link.read.1.tlog
c:\users\38599\desktop\faks\2.semestar\oop\oop - hep\projekt\x64\debug\projekt.tlog\link.write.1.tlog
